cc -Wall -Wextra -g -pedantic -fdiagnostics-color=always -Ilibraw/include -fno-strict-aliasing   -c -o src/ndisc.o src/ndisc.c
cc -Wall -Wextra -g -pedantic -fdiagnostics-color=always -Ilibraw/include -fno-strict-aliasing   -c -o src/assignment2.o src/assignment2.c
[01m[Ksrc/assignment2.c:[m[K In function '[01m[Kparse_ip[m[K':
[01m[Ksrc/assignment2.c:136:2:[m[K [01;35m[Kwarning: [m[KISO C90 forbids mixed declarations and code [-Wpedantic]
  int i;
[01;32m[K  ^[m[K
[01m[Ksrc/assignment2.c:141:2:[m[K [01;35m[Kwarning: [m[KC++ style comments are not allowed in ISO C90
  //Check if ip is valid 
[01;32m[K  ^[m[K
[01m[Ksrc/assignment2.c:141:2:[m[K [01;35m[Kwarning: [m[K(this will be reported only once per input file)
[01m[Ksrc/assignment2.c:142:11:[m[K [01;35m[Kwarning: [m[Kcomparison between signed and unsigned integer expressions [-Wsign-compare]
  for(i=0;i<strlen(ipaddr);i++){
[01;32m[K           ^[m[K
[01m[Ksrc/assignment2.c:146:7:[m[K [01;35m[Kwarning: [m[Ksuggest explicit braces to avoid ambiguous '[01m[Kelse[m[K' [-Wparentheses]
    if (ipaddr[i+1]==':')
[01;32m[K       ^[m[K
[01m[Ksrc/assignment2.c:160:4:[m[K [01;35m[Kwarning: [m[Kimplicit declaration of function '[01m[Kisxdigit[m[K' [-Wimplicit-function-declaration]
    if(!isxdigit(ipaddr[i]))
[01;32m[K    ^[m[K
[01m[Ksrc/assignment2.c:169:2:[m[K [01;35m[Kwarning: [m[KISO C90 forbids mixed declarations and code [-Wpedantic]
  int ct,total=0,j;
[01;32m[K  ^[m[K
[01m[Ksrc/assignment2.c:171:11:[m[K [01;35m[Kwarning: [m[Kcomparison between signed and unsigned integer expressions [-Wsign-compare]
  for(i=0;i<strlen(ipaddr);i++){
[01;32m[K           ^[m[K
[01m[Ksrc/assignment2.c:[m[K In function '[01m[Kinit_ip6_header[m[K':
[01m[Ksrc/assignment2.c:235:20:[m[K [01;35m[Kwarning: [m[Kpassing argument 2 of '[01m[Kmemcpy[m[K' makes pointer from integer without a cast
  memcpy(&hdr->nxt, next, sizeof(next));
[01;32m[K                    ^[m[K
In file included from [01m[Ksrc/assignment2.c:5:0[m[K:
[01m[K/usr/include/string.h:46:14:[m[K [01;36m[Knote: [m[Kexpected '[01m[Kconst void * __restrict__[m[K' but argument is of type '[01m[Kuint8_t[m[K'
 extern void *memcpy (void *__restrict __dest, const void *__restrict __src,
[01;32m[K              ^[m[K
[01m[Ksrc/assignment2.c:236:21:[m[K [01;35m[Kwarning: [m[Kpassing argument 2 of '[01m[Kmemcpy[m[K' makes pointer from integer without a cast
  memcpy(&hdr->plen, plen, sizeof(plen));
[01;32m[K                     ^[m[K
In file included from [01m[Ksrc/assignment2.c:5:0[m[K:
[01m[K/usr/include/string.h:46:14:[m[K [01;36m[Knote: [m[Kexpected '[01m[Kconst void * __restrict__[m[K' but argument is of type '[01m[Kuint16_t[m[K'
 extern void *memcpy (void *__restrict __dest, const void *__restrict __src,
[01;32m[K              ^[m[K
[01m[Ksrc/assignment2.c:237:20:[m[K [01;35m[Kwarning: [m[Kpassing argument 2 of '[01m[Kmemcpy[m[K' makes pointer from integer without a cast
  memcpy(&hdr->hlim,hoplimit, sizeof(hoplimit)); 
[01;32m[K                    ^[m[K
In file included from [01m[Ksrc/assignment2.c:5:0[m[K:
[01m[K/usr/include/string.h:46:14:[m[K [01;36m[Knote: [m[Kexpected '[01m[Kconst void * __restrict__[m[K' but argument is of type '[01m[Kuint8_t[m[K'
 extern void *memcpy (void *__restrict __dest, const void *__restrict __src,
[01;32m[K              ^[m[K
[01m[Ksrc/assignment2.c:238:13:[m[K [01;35m[Kwarning: [m[Kpassing argument 2 of '[01m[Kmemcpy[m[K' makes pointer from integer without a cast
  memcpy(hdr,label, sizeof(label));
[01;32m[K             ^[m[K
In file included from [01m[Ksrc/assignment2.c:5:0[m[K:
[01m[K/usr/include/string.h:46:14:[m[K [01;36m[Knote: [m[Kexpected '[01m[Kconst void * __restrict__[m[K' but argument is of type '[01m[Kuint32_t[m[K'
 extern void *memcpy (void *__restrict __dest, const void *__restrict __src,
[01;32m[K              ^[m[K
[01m[Ksrc/assignment2.c:[m[K In function '[01m[Kinit_icmp6_ndisc[m[K':
[01m[Ksrc/assignment2.c:254:47:[m[K [01;35m[Kwarning: [m[Kargument to '[01m[Ksizeof[m[K' in '[01m[Kmemcpy[m[K' call is the same expression as the source; did you mean to dereference it? [-Wsizeof-pointer-memaccess]
  memcpy(&payload->nd_ns_target, dst_ip, sizeof(dst_ip));
[01;32m[K                                               ^[m[K
[01m[Ksrc/assignment2.c:255:43:[m[K [01;35m[Kwarning: [m[Kargument to '[01m[Ksizeof[m[K' in '[01m[Kmemcpy[m[K' call is the same expression as the source; did you mean to provide an explicit length? [-Wsizeof-pointer-memaccess]
  memcpy(&payload->src_mac, src_mac, sizeof(src_mac));
[01;32m[K                                           ^[m[K
[01m[Ksrc/assignment2.c:[m[K In function '[01m[Kis_my_ether_header[m[K':
[01m[Ksrc/assignment2.c:299:2:[m[K [01;35m[Kwarning: [m[KISO C90 forbids mixed declarations and code [-Wpedantic]
  int i;
[01;32m[K  ^[m[K
[01m[Ksrc/assignment2.c:[m[K In function '[01m[Kretrieve_mac[m[K':
[01m[Ksrc/assignment2.c:379:30:[m[K [01;35m[Kwarning: [m[Kinitialization from incompatible pointer type
     struct ether_header *h = buffer;
[01;32m[K                              ^[m[K
[01m[Ksrc/assignment2.c:379:5:[m[K [01;35m[Kwarning: [m[KISO C90 forbids mixed declarations and code [-Wpedantic]
     struct ether_header *h = buffer;
[01;32m[K     ^[m[K
[01m[Ksrc/assignment2.c:[m[K In function '[01m[Kparse_mac[m[K':
[01m[Ksrc/assignment2.c:394:2:[m[K [01;35m[Kwarning: [m[KISO C90 forbids mixed declarations and code [-Wpedantic]
  int i;
[01;32m[K  ^[m[K
[01m[Ksrc/assignment2.c:397:11:[m[K [01;35m[Kwarning: [m[Kcomparison between signed and unsigned integer expressions [-Wsign-compare]
  for(i=0;i<strlen(hwaddr);i++){
[01;32m[K           ^[m[K
[01m[Ksrc/assignment2.c:[m[K In function '[01m[Kassignment2[m[K':
[01m[Ksrc/assignment2.c:439:2:[m[K [01;35m[Kwarning: [m[KISO C90 forbids mixed declarations and code [-Wpedantic]
  uint8_t *dst_mac;
[01;32m[K  ^[m[K
[01m[Ksrc/assignment2.c:442:45:[m[K [01;35m[Kwarning: [m[Kpassing argument 3 of '[01m[Kinit_ip6_header[m[K' discards '[01m[Kconst[m[K' qualifier from pointer target type
  init_ip6_header(&(packet.ipv6_hdr), &dip6, grnvs_get_ip6addr(fd), 0x3a, sizeof(packet.neighbor_solicit_payload), 255, 0);
[01;32m[K                                             ^[m[K
[01m[Ksrc/assignment2.c:226:6:[m[K [01;36m[Knote: [m[Kexpected '[01m[Kstruct in6_addr *[m[K' but argument is of type '[01m[Kconst struct in6_addr *[m[K'
 void init_ip6_header(struct ipv6_hdr *hdr, struct in6_addr * dst_ip,
[01;32m[K      ^[m[K
[01m[Ksrc/assignment2.c:482:3:[m[K [01;35m[Kwarning: [m[KISO C90 forbids mixed declarations and code [-Wpedantic]
   char  mac_char[17];
[01;32m[K   ^[m[K
[01m[Ksrc/assignment2.c:492:56:[m[K [01;35m[Kwarning: [m[Kinitialization from incompatible pointer type
   struct icmp6_neighbor_advertise *advertise_packege = recbuffer;
[01;32m[K                                                        ^[m[K
[01m[Ksrc/assignment2.c:492:3:[m[K [01;35m[Kwarning: [m[KISO C90 forbids mixed declarations and code [-Wpedantic]
   struct icmp6_neighbor_advertise *advertise_packege = recbuffer;
[01;32m[K   ^[m[K
[01m[Ksrc/assignment2.c:492:36:[m[K [01;35m[Kwarning: [m[Kunused variable '[01m[Kadvertise_packege[m[K' [-Wunused-variable]
   struct icmp6_neighbor_advertise *advertise_packege = recbuffer;
[01;32m[K                                    ^[m[K
[01m[Ksrc/assignment2.c:440:2:[m[K [01;35m[Kwarning: [m[K'[01m[Kdst_mac[m[K' may be used uninitialized in this function [-Wmaybe-uninitialized]
  parse_mac("ff:ff:ff:ff:ff:ff",dst_mac);
[01;32m[K  ^[m[K
cd libraw/ && make
make[1]: Entering directory '/root/abgabe/libraw'
gcc -Iinclude -ggdb -Wall -Wextra -pedantic -fdiagnostics-color=always -O2 -fPIC -fno-strict-aliasing   -c -o src/raw.o src/raw.c
gcc -Iinclude -ggdb -Wall -Wextra -pedantic -fdiagnostics-color=always -O2 -fPIC -fno-strict-aliasing   -c -o src/hexdump.o src/hexdump.c
gcc -Iinclude -ggdb -Wall -Wextra -pedantic -fdiagnostics-color=always -O2 -fPIC -fno-strict-aliasing   -c -o src/checksum.o src/checksum.c
ar rcs libraw.a src/raw.o src/hexdump.o src/checksum.o
make[1]: Leaving directory '/root/abgabe/libraw'
cc src/ndisc.o src/assignment2.o libraw/libraw.a -o ndisc
