cc -Wall -Wextra -g -pedantic -fdiagnostics-color=always -Ilibraw/include -fno-strict-aliasing   -c -o src/traceroute.o src/traceroute.c
cc -Wall -Wextra -g -pedantic -fdiagnostics-color=always -Ilibraw/include -fno-strict-aliasing   -c -o src/assignment3.o src/assignment3.c
[01m[Ksrc/assignment3.c:[m[K In function '[01m[Kget_hop_ip[m[K':
[01m[Ksrc/assignment3.c:329:2:[m[K [01;35m[Kwarning: [m[KISO C90 forbids mixed declarations and code [-Wpedantic]
  struct echo_packet * packet;
[01;32m[K  ^[m[K
[01m[Ksrc/assignment3.c:336:2:[m[K [01;35m[Kwarning: [m[KC++ style comments are not allowed in ISO C90
  //check ip_header
[01;32m[K  ^[m[K
[01m[Ksrc/assignment3.c:336:2:[m[K [01;35m[Kwarning: [m[K(this will be reported only once per input file)
[01m[Ksrc/assignment3.c:330:22:[m[K [01;35m[Kwarning: [m[Kvariable '[01m[Kicmp[m[K' set but not used [-Wunused-but-set-variable]
  struct echo_request icmp;
[01;32m[K                      ^[m[K
[01m[Ksrc/assignment3.c:[m[K In function '[01m[Krun_attempt[m[K':
[01m[Ksrc/assignment3.c:410:17:[m[K [01;35m[Kwarning: [m[Kpassing argument 2 of '[01m[Kgrnvs_read[m[K' makes pointer from integer without a cast
  grnvs_read(fd, *recbuffer, maxlen, &timeoutval);
[01;32m[K                 ^[m[K
In file included from [01m[Ksrc/assignment3.c:14:0[m[K:
[01m[Klibraw/include/raw.h:33:9:[m[K [01;36m[Knote: [m[Kexpected '[01m[Kvoid *[m[K' but argument is of type '[01m[Kuint8_t[m[K'
 ssize_t grnvs_read(int fd, void * buf, size_t maxlen, unsigned int * timeout);
[01;32m[K         ^[m[K
[01m[Ksrc/assignment3.c:410:37:[m[K [01;35m[Kwarning: [m[Kpassing argument 4 of '[01m[Kgrnvs_read[m[K' discards '[01m[Kconst[m[K' qualifier from pointer target type
  grnvs_read(fd, *recbuffer, maxlen, &timeoutval);
[01;32m[K                                     ^[m[K
In file included from [01m[Ksrc/assignment3.c:14:0[m[K:
[01m[Klibraw/include/raw.h:33:9:[m[K [01;36m[Knote: [m[Kexpected '[01m[Kunsigned int *[m[K' but argument is of type '[01m[Kconst int *[m[K'
 ssize_t grnvs_read(int fd, void * buf, size_t maxlen, unsigned int * timeout);
[01;32m[K         ^[m[K
[01m[Ksrc/assignment3.c:411:2:[m[K [01;35m[Kwarning: [m[KISO C90 forbids mixed declarations and code [-Wpedantic]
  int i;
[01;32m[K  ^[m[K
[01m[Ksrc/assignment3.c:[m[K In function '[01m[Kassignment3[m[K':
[01m[Ksrc/assignment3.c:451:2:[m[K [01;35m[Kwarning: [m[KISO C90 forbids mixed declarations and code [-Wpedantic]
  uint8_t recbuffer[1514];
[01;32m[K  ^[m[K
[01m[Ksrc/assignment3.c:462:2:[m[K [01;35m[Kwarning: [m[KISO C90 forbids mixed declarations and code [-Wpedantic]
  int i;
[01;32m[K  ^[m[K
[01m[Ksrc/assignment3.c:464:2:[m[K [01;35m[Kwarning: [m[Ktoo many arguments for format [-Wformat-extra-args]
  fprintf(stderr, "nu mai trimiteti atata chizdelor:\n", strerror(errno));
[01;32m[K  ^[m[K
[01m[Ksrc/assignment3.c:466:60:[m[K [01;35m[Kwarning: [m[Kpointer targets in passing argument 4 of '[01m[Kgrnvs_read[m[K' differ in signedness [-Wpointer-sign]
  while((ret = grnvs_read(fd, recbuffer, sizeof(recbuffer), &timeoutval)))
[01;32m[K                                                            ^[m[K
In file included from [01m[Ksrc/assignment3.c:14:0[m[K:
[01m[Klibraw/include/raw.h:33:9:[m[K [01;36m[Knote: [m[Kexpected '[01m[Kunsigned int *[m[K' but argument is of type '[01m[Kint *[m[K'
 ssize_t grnvs_read(int fd, void * buf, size_t maxlen, unsigned int * timeout);
[01;32m[K         ^[m[K
[01m[Ksrc/assignment3.c:462:6:[m[K [01;35m[Kwarning: [m[Kunused variable '[01m[Ki[m[K' [-Wunused-variable]
  int i;
[01;32m[K      ^[m[K
[01m[Ksrc/assignment3.c:[m[K In function '[01m[Kget_hop_ip[m[K':
[01m[Ksrc/assignment3.c:337:7:[m[K [01;35m[Kwarning: [m[K'[01m[Kpacket[m[K' is used uninitialized in this function [-Wuninitialized]
  if (!is_my_ip6_header( (struct ipv6_hdr *) packet, myip))
[01;32m[K       ^[m[K
cd libraw/ && make
make[1]: Entering directory '/root/abgabe/libraw'
gcc -Iinclude -ggdb -Wall -Wextra -pedantic -fdiagnostics-color=always -O2 -fPIC -fno-strict-aliasing   -c -o src/raw.o src/raw.c
gcc -Iinclude -ggdb -Wall -Wextra -pedantic -fdiagnostics-color=always -O2 -fPIC -fno-strict-aliasing   -c -o src/hexdump.o src/hexdump.c
gcc -Iinclude -ggdb -Wall -Wextra -pedantic -fdiagnostics-color=always -O2 -fPIC -fno-strict-aliasing   -c -o src/checksum.o src/checksum.c
ar rcs libraw.a src/raw.o src/hexdump.o src/checksum.o
make[1]: Leaving directory '/root/abgabe/libraw'
cc src/traceroute.o src/assignment3.o libraw/libraw.a -o trace6
